INFO:  latexindent version 3.24.7, 2025-08-15, a script to indent .tex files
       latexindent lives here: /home/stu5/s0/acp7795/.texlive/2025/texmf-dist/scripts/latexindent/
       Tue Nov  4 14:30:59 2025
       Filename: /home/stu5/s0/acp7795/Documents/bit-to-brain/latex-notes/computer-networks/network-layer/__latexindent_temp_4_1_overview_of_network_layer.tex
INFO:  Processing switches:
       -y|--yaml: YAML settings specified via command line
       -c|--cruft: cruft directory
INFO:  Directory for backup files and log file /home/stu5/s0/acp7795/Documents/bit-to-brain/latex-notes/computer-networks/transport-layer/indent.log:
       /home/stu5/s0/acp7795/Documents/bit-to-brain/latex-notes/computer-networks/transport-layer/
INFO:  YAML settings read: defaultSettings.yaml
       Reading defaultSettings.yaml from /home/stu5/s0/acp7795/.texlive/2025/texmf-dist/scripts/latexindent/defaultSettings.yaml
INFO:  YAML reading settings
       Home directory is /home/stu5/s0/acp7795
       latexindent.pl didn't find indentconfig.yaml or .indentconfig.yaml
       see all possible locations: https://latexindentpl.readthedocs.io/en/latest/sec-appendices.html#indentconfig-options)
INFO:  YAML settings read: -y switch
       YAML setting: defaultIndent:'    '
       single-quoted string found in -y switch: '    ', substitute to     
       Updating mainSettings with defaultIndent:     
INFO:  Phase 1: searching for objects
INFO:  Phase 2: finding surrounding indentation
INFO:  Phase 3: indenting objects
INFO:  Phase 4: final indentation check
INFO:  Output routine:
       Not outputting to file; see -w and -o switches for more options.
       --------------
INFO:  Please direct all communication/issues to:
        https://github.com/cmhughes/latexindent.pl
